INFO  2016-06-15 18:07:04,020 [loginfo] 任务调度初始化成功！
INFO  2016-06-15 18:07:04,253 [loginfo] 任务调度启动成功！
INFO  2016-06-15 18:09:20,307 [loginfo] 任务调度初始化成功！
INFO  2016-06-15 18:09:20,454 [loginfo] 任务调度启动成功！
INFO  2016-06-15 18:10:17,058 [loginfo] 任务调度初始化成功！
INFO  2016-06-15 18:11:00,541 [loginfo] 任务“测试任务,输出当前时间”启动成功,未来5次运行时间如下:
INFO  2016-06-15 18:11:03,273 [loginfo] 2016/6/15 18:11:00
INFO  2016-06-15 18:11:04,737 [loginfo] 2016/6/15 18:11:10
INFO  2016-06-15 18:11:04,738 [loginfo] 测试任务,输出当前时间,当前系统时间:2016-06-15 18:11:04
INFO  2016-06-15 18:11:06,870 [loginfo] 2016/6/15 18:11:20
INFO  2016-06-15 18:11:08,555 [loginfo] 2016/6/15 18:11:30
INFO  2016-06-15 18:11:08,556 [loginfo] 2016/6/15 18:11:40
INFO  2016-06-15 18:11:08,556 [loginfo] 任务调度启动成功！
INFO  2016-06-15 18:11:11,973 [loginfo] 测试任务,输出当前时间,当前系统时间:2016-06-15 18:11:11
INFO  2016-06-15 18:11:39,975 [loginfo] 测试任务,输出当前时间,当前系统时间:2016-06-15 18:11:39
INFO  2016-06-15 18:11:41,863 [loginfo] 测试任务,输出当前时间,当前系统时间:2016-06-15 18:11:41
INFO  2016-06-15 18:11:41,878 [loginfo] 测试任务,输出当前时间,当前系统时间:2016-06-15 18:11:41
INFO  2016-06-15 18:11:50,006 [loginfo] 测试任务,输出当前时间,当前系统时间:2016-06-15 18:11:50
INFO  2016-06-15 18:12:00,007 [loginfo] 测试任务,输出当前时间,当前系统时间:2016-06-15 18:12:00
INFO  2016-06-15 18:12:10,006 [loginfo] 测试任务,输出当前时间,当前系统时间:2016-06-15 18:12:10
INFO  2016-06-15 18:12:20,043 [loginfo] 测试任务,输出当前时间,当前系统时间:2016-06-15 18:12:20
INFO  2016-06-15 18:12:30,006 [loginfo] 测试任务,输出当前时间,当前系统时间:2016-06-15 18:12:30
INFO  2016-06-15 18:12:40,005 [loginfo] 测试任务,输出当前时间,当前系统时间:2016-06-15 18:12:40
